2026-04-09 18:36:18,956 - INFO - Reading CSV file: data/raw/Telco Customer Churn.csv
2026-04-09 18:36:19,158 - INFO - hangling missing interger data: TotalCharges
2026-04-09 18:36:19,192 - INFO - Dropping NAN values
2026-04-09 18:36:19,240 - INFO - Dropping column: customerID
2026-04-09 18:36:19,253 - INFO - apply encoding on objects
2026-04-09 18:36:19,564 - INFO - validation layer
2026-04-09 18:36:19,598 - WARNING - Mapping values for column: Churn
2026-04-09 18:36:19,611 - INFO - Total rows dropped: 0
2026-04-09 18:36:19,615 - INFO - Drop rate: 0.00%
2026-04-09 18:36:19,624 - INFO - Threshold: 10.00%
2026-04-09 18:36:19,670 - INFO - Validation completed successfully
2026-04-09 18:36:20,181 - INFO - Processed data succesfully to a csv file
2026-04-09 18:38:41,436 - INFO - Reading CSV file: data/raw/Telco Customer Churn.csv
2026-04-09 18:38:41,520 - INFO - hangling missing interger data: TotalCharges
2026-04-09 18:38:41,540 - INFO - Dropping NAN values
2026-04-09 18:38:41,565 - INFO - Dropping column: customerID
2026-04-09 18:38:41,577 - INFO - apply encoding on objects
2026-04-09 18:38:41,769 - INFO - validation layer
2026-04-09 18:38:41,793 - WARNING - Mapping values for column: Churn
2026-04-09 18:38:41,802 - INFO - Total rows dropped: 0
2026-04-09 18:38:41,806 - INFO - Drop rate: 0.00%
2026-04-09 18:38:41,812 - INFO - Threshold: 10.00%
2026-04-09 18:38:41,817 - INFO - Validation completed successfully
2026-04-09 18:38:41,984 - INFO - Processed data succesfully to a csv file
2026-04-09 20:26:09,088 - INFO - Pipeline started
2026-04-09 20:26:09,091 - INFO - Reading CSV file: ETL_Project/data/raw/Telco Customer Churn.csv
2026-04-09 20:26:09,302 - INFO - hangling missing interger data: TotalCharges
2026-04-09 20:26:09,331 - INFO - Dropping NAN values
2026-04-09 20:26:09,416 - INFO - Dropping column: customerID
2026-04-09 20:26:09,449 - INFO - apply encoding on objects
2026-04-09 20:26:09,712 - INFO - validation layer
2026-04-09 20:26:09,739 - WARNING - Mapping values for column: Churn
2026-04-09 20:26:09,769 - INFO - Total rows dropped: 0
2026-04-09 20:26:09,774 - INFO - Drop rate: 0.00%
2026-04-09 20:26:09,776 - INFO - Threshold: 10.00%
2026-04-09 20:26:09,778 - INFO - Validation completed successfully
2026-04-09 20:26:10,099 - INFO - Pipeline completed successfully
2026-04-09 20:27:03,294 - INFO - Pipeline started
2026-04-09 20:27:03,295 - INFO - Reading CSV file: ETL_Project/data/raw/Telco Customer Churn.csv
2026-04-09 20:27:03,470 - INFO - hangling missing interger data: TotalCharges
2026-04-09 20:27:03,499 - INFO - Dropping NAN values
2026-04-09 20:27:03,550 - INFO - Dropping column: customerID
2026-04-09 20:27:03,557 - INFO - apply encoding on objects
2026-04-09 20:27:04,068 - INFO - validation layer
2026-04-09 20:27:04,154 - WARNING - Mapping values for column: Churn
2026-04-09 20:27:04,184 - INFO - Total rows dropped: 0
2026-04-09 20:27:04,234 - INFO - Drop rate: 0.00%
2026-04-09 20:27:04,251 - INFO - Threshold: 10.00%
2026-04-09 20:27:04,254 - INFO - Validation completed successfully
2026-04-09 20:27:04,710 - INFO - Pipeline completed successfully
